[0.914s] Invoking command in '/home/adw/work/ros_basics/chapter_01/chap_01_package': PYTHONPATH=/home/adw/work/ros_basics/chapter_01/chap_01_package/build/chap_01_package/prefix_override:/home/adw/work/ros_basics/chapter_01/chap_01_package/install/chap_01_package/lib/python3.10/site-packages:${PYTHONPATH} /usr/bin/python3 setup.py egg_info --egg-base build/chap_01_package build --build-base /home/adw/work/ros_basics/chapter_01/chap_01_package/build/chap_01_package/build install --record /home/adw/work/ros_basics/chapter_01/chap_01_package/build/chap_01_package/install.log --single-version-externally-managed
[1.224s] running egg_info
[1.225s] creating build/chap_01_package/chap_01_package.egg-info
[1.225s] writing build/chap_01_package/chap_01_package.egg-info/PKG-INFO
[1.225s] writing dependency_links to build/chap_01_package/chap_01_package.egg-info/dependency_links.txt
[1.226s] writing entry points to build/chap_01_package/chap_01_package.egg-info/entry_points.txt
[1.226s] writing requirements to build/chap_01_package/chap_01_package.egg-info/requires.txt
[1.226s] writing top-level names to build/chap_01_package/chap_01_package.egg-info/top_level.txt
[1.226s] writing manifest file 'build/chap_01_package/chap_01_package.egg-info/SOURCES.txt'
[1.228s] reading manifest file 'build/chap_01_package/chap_01_package.egg-info/SOURCES.txt'
[1.229s] writing manifest file 'build/chap_01_package/chap_01_package.egg-info/SOURCES.txt'
[1.229s] running build
[1.229s] running build_py
[1.230s] creating /home/adw/work/ros_basics/chapter_01/chap_01_package/build/chap_01_package/build
[1.230s] creating /home/adw/work/ros_basics/chapter_01/chap_01_package/build/chap_01_package/build/lib
[1.230s] creating /home/adw/work/ros_basics/chapter_01/chap_01_package/build/chap_01_package/build/lib/chap_01_package
[1.230s] copying chap_01_package/pub1.py -> /home/adw/work/ros_basics/chapter_01/chap_01_package/build/chap_01_package/build/lib/chap_01_package
[1.230s] copying chap_01_package/__init__.py -> /home/adw/work/ros_basics/chapter_01/chap_01_package/build/chap_01_package/build/lib/chap_01_package
[1.230s] copying chap_01_package/sub1.py -> /home/adw/work/ros_basics/chapter_01/chap_01_package/build/chap_01_package/build/lib/chap_01_package
[1.230s] running install
[1.230s] running install_lib
[1.231s] creating /home/adw/work/ros_basics/chapter_01/chap_01_package/install/chap_01_package/lib/python3.10/site-packages/chap_01_package
[1.231s] copying /home/adw/work/ros_basics/chapter_01/chap_01_package/build/chap_01_package/build/lib/chap_01_package/pub1.py -> /home/adw/work/ros_basics/chapter_01/chap_01_package/install/chap_01_package/lib/python3.10/site-packages/chap_01_package
[1.231s] copying /home/adw/work/ros_basics/chapter_01/chap_01_package/build/chap_01_package/build/lib/chap_01_package/__init__.py -> /home/adw/work/ros_basics/chapter_01/chap_01_package/install/chap_01_package/lib/python3.10/site-packages/chap_01_package
[1.231s] copying /home/adw/work/ros_basics/chapter_01/chap_01_package/build/chap_01_package/build/lib/chap_01_package/sub1.py -> /home/adw/work/ros_basics/chapter_01/chap_01_package/install/chap_01_package/lib/python3.10/site-packages/chap_01_package
[1.232s] byte-compiling /home/adw/work/ros_basics/chapter_01/chap_01_package/install/chap_01_package/lib/python3.10/site-packages/chap_01_package/pub1.py to pub1.cpython-310.pyc
[1.232s] byte-compiling /home/adw/work/ros_basics/chapter_01/chap_01_package/install/chap_01_package/lib/python3.10/site-packages/chap_01_package/__init__.py to __init__.cpython-310.pyc
[1.233s] byte-compiling /home/adw/work/ros_basics/chapter_01/chap_01_package/install/chap_01_package/lib/python3.10/site-packages/chap_01_package/sub1.py to sub1.cpython-310.pyc
[1.233s] running install_data
[1.234s] creating /home/adw/work/ros_basics/chapter_01/chap_01_package/install/chap_01_package/share/ament_index
[1.234s] creating /home/adw/work/ros_basics/chapter_01/chap_01_package/install/chap_01_package/share/ament_index/resource_index
[1.234s] creating /home/adw/work/ros_basics/chapter_01/chap_01_package/install/chap_01_package/share/ament_index/resource_index/packages
[1.234s] copying resource/chap_01_package -> /home/adw/work/ros_basics/chapter_01/chap_01_package/install/chap_01_package/share/ament_index/resource_index/packages
[1.234s] copying package.xml -> /home/adw/work/ros_basics/chapter_01/chap_01_package/install/chap_01_package/share/chap_01_package
[1.234s] running install_egg_info
[1.236s] Copying build/chap_01_package/chap_01_package.egg-info to /home/adw/work/ros_basics/chapter_01/chap_01_package/install/chap_01_package/lib/python3.10/site-packages/chap_01_package-0.0.0-py3.10.egg-info
[1.237s] running install_scripts
[1.260s] Installing publisher_1 script to /home/adw/work/ros_basics/chapter_01/chap_01_package/install/chap_01_package/lib/chap_01_package
[1.260s] Installing subsriber_1 script to /home/adw/work/ros_basics/chapter_01/chap_01_package/install/chap_01_package/lib/chap_01_package
[1.260s] writing list of installed files to '/home/adw/work/ros_basics/chapter_01/chap_01_package/build/chap_01_package/install.log'
[1.286s] Invoked command in '/home/adw/work/ros_basics/chapter_01/chap_01_package' returned '0': PYTHONPATH=/home/adw/work/ros_basics/chapter_01/chap_01_package/build/chap_01_package/prefix_override:/home/adw/work/ros_basics/chapter_01/chap_01_package/install/chap_01_package/lib/python3.10/site-packages:${PYTHONPATH} /usr/bin/python3 setup.py egg_info --egg-base build/chap_01_package build --build-base /home/adw/work/ros_basics/chapter_01/chap_01_package/build/chap_01_package/build install --record /home/adw/work/ros_basics/chapter_01/chap_01_package/build/chap_01_package/install.log --single-version-externally-managed
