[0.426s] DEBUG:colcon:Command line arguments: ['/usr/bin/colcon', 'build', '--packages-select', 'chap_02_package']
[0.426s] DEBUG:colcon:Parsed command line arguments: Namespace(log_base=None, log_level=None, verb_name='build', build_base='build', install_base='install', merge_install=False, symlink_install=False, test_result_base=None, continue_on_error=False, executor='parallel', parallel_workers=8, event_handlers=None, ignore_user_meta=False, metas=['./colcon.meta'], base_paths=['.'], packages_ignore=None, packages_ignore_regex=None, paths=None, packages_up_to=None, packages_up_to_regex=None, packages_above=None, packages_above_and_dependencies=None, packages_above_depth=None, packages_select_by_dep=None, packages_skip_by_dep=None, packages_skip_up_to=None, packages_select_build_failed=False, packages_skip_build_finished=False, packages_select_test_failures=False, packages_skip_test_passed=False, packages_select=['chap_02_package'], packages_skip=None, packages_select_regex=None, packages_skip_regex=None, packages_start=None, packages_end=None, allow_overriding=[], cmake_args=None, cmake_target=None, cmake_target_skip_unavailable=False, cmake_clean_cache=False, cmake_clean_first=False, cmake_force_configure=False, ament_cmake_args=None, catkin_cmake_args=None, catkin_skip_building_tests=False, verb_parser=<colcon_defaults.argument_parser.defaults.DefaultArgumentsDecorator object at 0x7fdcaeae4910>, verb_extension=<colcon_core.verb.build.BuildVerb object at 0x7fdcaeae4340>, main=<bound method BuildVerb.main of <colcon_core.verb.build.BuildVerb object at 0x7fdcaeae4340>>)
[0.454s] Level 1:colcon.colcon_core.package_discovery:discover_packages(colcon_meta) check parameters
[0.455s] Level 1:colcon.colcon_core.package_discovery:discover_packages(recursive) check parameters
[0.455s] Level 1:colcon.colcon_core.package_discovery:discover_packages(ignore) check parameters
[0.455s] Level 1:colcon.colcon_core.package_discovery:discover_packages(path) check parameters
[0.455s] Level 1:colcon.colcon_core.package_discovery:discover_packages(colcon_meta) discover
[0.455s] Level 1:colcon.colcon_core.package_discovery:discover_packages(recursive) discover
[0.455s] INFO:colcon.colcon_core.package_discovery:Crawling recursively for packages in '/home/adw/work/ros_basics/chapter_02'
[0.455s] Level 1:colcon.colcon_core.package_identification:_identify(.) by extensions ['ignore', 'ignore_ament_install']
[0.455s] Level 1:colcon.colcon_core.package_identification:_identify(.) by extension 'ignore'
[0.455s] Level 1:colcon.colcon_core.package_identification:_identify(.) by extension 'ignore_ament_install'
[0.455s] Level 1:colcon.colcon_core.package_identification:_identify(.) by extensions ['colcon_pkg']
[0.455s] Level 1:colcon.colcon_core.package_identification:_identify(.) by extension 'colcon_pkg'
[0.455s] Level 1:colcon.colcon_core.package_identification:_identify(.) by extensions ['colcon_meta']
[0.455s] Level 1:colcon.colcon_core.package_identification:_identify(.) by extension 'colcon_meta'
[0.455s] Level 1:colcon.colcon_core.package_identification:_identify(.) by extensions ['ros']
[0.456s] Level 1:colcon.colcon_core.package_identification:_identify(.) by extension 'ros'
[0.469s] Level 1:colcon.colcon_core.package_identification:_identify(.) by extensions ['cmake', 'python']
[0.469s] Level 1:colcon.colcon_core.package_identification:_identify(.) by extension 'cmake'
[0.469s] Level 1:colcon.colcon_core.package_identification:_identify(.) by extension 'python'
[0.469s] Level 1:colcon.colcon_core.package_identification:_identify(.) by extensions ['python_setup_py']
[0.469s] Level 1:colcon.colcon_core.package_identification:_identify(.) by extension 'python_setup_py'
[0.469s] Level 1:colcon.colcon_core.package_identification:_identify(build) by extensions ['ignore', 'ignore_ament_install']
[0.469s] Level 1:colcon.colcon_core.package_identification:_identify(build) by extension 'ignore'
[0.469s] Level 1:colcon.colcon_core.package_identification:_identify(build) ignored
[0.469s] Level 1:colcon.colcon_core.package_identification:_identify(chap_02_package) by extensions ['ignore', 'ignore_ament_install']
[0.469s] Level 1:colcon.colcon_core.package_identification:_identify(chap_02_package) by extension 'ignore'
[0.470s] Level 1:colcon.colcon_core.package_identification:_identify(chap_02_package) by extension 'ignore_ament_install'
[0.470s] Level 1:colcon.colcon_core.package_identification:_identify(chap_02_package) by extensions ['colcon_pkg']
[0.470s] Level 1:colcon.colcon_core.package_identification:_identify(chap_02_package) by extension 'colcon_pkg'
[0.470s] Level 1:colcon.colcon_core.package_identification:_identify(chap_02_package) by extensions ['colcon_meta']
[0.470s] Level 1:colcon.colcon_core.package_identification:_identify(chap_02_package) by extension 'colcon_meta'
[0.470s] Level 1:colcon.colcon_core.package_identification:_identify(chap_02_package) by extensions ['ros']
[0.470s] Level 1:colcon.colcon_core.package_identification:_identify(chap_02_package) by extension 'ros'
[0.474s] DEBUG:colcon.colcon_core.package_identification:Package 'chap_02_package' with type 'ros.ament_python' and name 'chap_02_package'
[0.474s] Level 1:colcon.colcon_core.package_identification:_identify(install) by extensions ['ignore', 'ignore_ament_install']
[0.474s] Level 1:colcon.colcon_core.package_identification:_identify(install) by extension 'ignore'
[0.474s] Level 1:colcon.colcon_core.package_identification:_identify(install) ignored
[0.474s] Level 1:colcon.colcon_core.package_identification:_identify(log) by extensions ['ignore', 'ignore_ament_install']
[0.475s] Level 1:colcon.colcon_core.package_identification:_identify(log) by extension 'ignore'
[0.475s] Level 1:colcon.colcon_core.package_identification:_identify(log) ignored
[0.475s] Level 1:colcon.colcon_core.package_discovery:discover_packages(recursive) using defaults
[0.475s] Level 1:colcon.colcon_core.package_discovery:discover_packages(ignore) discover
[0.475s] Level 1:colcon.colcon_core.package_discovery:discover_packages(ignore) using defaults
[0.475s] Level 1:colcon.colcon_core.package_discovery:discover_packages(path) discover
[0.475s] Level 1:colcon.colcon_core.package_discovery:discover_packages(path) using defaults
[0.504s] Level 1:colcon.colcon_core.package_discovery:discover_packages(prefix_path) check parameters
[0.504s] Level 1:colcon.colcon_core.package_discovery:discover_packages(prefix_path) discover
[0.507s] DEBUG:colcon.colcon_installed_package_information.package_discovery:Found 1 installed packages in /home/adw/work/ros_basics/chapter_01/chap_01_package/install
[0.508s] DEBUG:colcon.colcon_installed_package_information.package_discovery:Found 1 installed packages in /home/adw/ros_ws/install
[0.510s] DEBUG:colcon.colcon_installed_package_information.package_discovery:Found 270 installed packages in /opt/ros/humble
[0.512s] Level 1:colcon.colcon_core.package_discovery:discover_packages(prefix_path) using defaults
[0.588s] Level 5:colcon.colcon_core.verb:set package 'chap_02_package' build argument 'cmake_args' from command line to 'None'
[0.588s] Level 5:colcon.colcon_core.verb:set package 'chap_02_package' build argument 'cmake_target' from command line to 'None'
[0.588s] Level 5:colcon.colcon_core.verb:set package 'chap_02_package' build argument 'cmake_target_skip_unavailable' from command line to 'False'
[0.588s] Level 5:colcon.colcon_core.verb:set package 'chap_02_package' build argument 'cmake_clean_cache' from command line to 'False'
[0.588s] Level 5:colcon.colcon_core.verb:set package 'chap_02_package' build argument 'cmake_clean_first' from command line to 'False'
[0.588s] Level 5:colcon.colcon_core.verb:set package 'chap_02_package' build argument 'cmake_force_configure' from command line to 'False'
[0.588s] Level 5:colcon.colcon_core.verb:set package 'chap_02_package' build argument 'ament_cmake_args' from command line to 'None'
[0.588s] Level 5:colcon.colcon_core.verb:set package 'chap_02_package' build argument 'catkin_cmake_args' from command line to 'None'
[0.588s] Level 5:colcon.colcon_core.verb:set package 'chap_02_package' build argument 'catkin_skip_building_tests' from command line to 'False'
[0.588s] DEBUG:colcon.colcon_core.verb:Building package 'chap_02_package' with the following arguments: {'ament_cmake_args': None, 'build_base': '/home/adw/work/ros_basics/chapter_02/build/chap_02_package', 'catkin_cmake_args': None, 'catkin_skip_building_tests': False, 'cmake_args': None, 'cmake_clean_cache': False, 'cmake_clean_first': False, 'cmake_force_configure': False, 'cmake_target': None, 'cmake_target_skip_unavailable': False, 'install_base': '/home/adw/work/ros_basics/chapter_02/install/chap_02_package', 'merge_install': False, 'path': '/home/adw/work/ros_basics/chapter_02/chap_02_package', 'symlink_install': False, 'test_result_base': None}
[0.589s] INFO:colcon.colcon_core.executor:Executing jobs using 'parallel' executor
[0.593s] DEBUG:colcon.colcon_parallel_executor.executor.parallel:run_until_complete
[0.593s] INFO:colcon.colcon_ros.task.ament_python.build:Building ROS package in '/home/adw/work/ros_basics/chapter_02/chap_02_package' with build type 'ament_python'
[0.593s] Level 1:colcon.colcon_core.shell:create_environment_hook('chap_02_package', 'ament_prefix_path')
[0.598s] INFO:colcon.colcon_core.plugin_system:Skipping extension 'colcon_core.shell.bat': Not used on non-Windows systems
[0.599s] INFO:colcon.colcon_core.shell:Creating environment hook '/home/adw/work/ros_basics/chapter_02/install/chap_02_package/share/chap_02_package/hook/ament_prefix_path.ps1'
[0.599s] INFO:colcon.colcon_core.shell:Creating environment descriptor '/home/adw/work/ros_basics/chapter_02/install/chap_02_package/share/chap_02_package/hook/ament_prefix_path.dsv'
[0.600s] INFO:colcon.colcon_core.shell:Creating environment hook '/home/adw/work/ros_basics/chapter_02/install/chap_02_package/share/chap_02_package/hook/ament_prefix_path.sh'
[0.602s] INFO:colcon.colcon_core.shell:Skip shell extension 'powershell' for command environment: Not usable outside of PowerShell
[0.602s] DEBUG:colcon.colcon_core.shell:Skip shell extension 'dsv' for command environment
[0.948s] INFO:colcon.colcon_core.task.python.build:Building Python package in '/home/adw/work/ros_basics/chapter_02/chap_02_package'
[0.949s] INFO:colcon.colcon_core.shell:Skip shell extension 'powershell' for command environment: Not usable outside of PowerShell
[0.949s] DEBUG:colcon.colcon_core.shell:Skip shell extension 'dsv' for command environment
[1.393s] DEBUG:colcon.colcon_core.event_handler.log_command:Invoking command in '/home/adw/work/ros_basics/chapter_02/chap_02_package': PYTHONPATH=/home/adw/work/ros_basics/chapter_02/build/chap_02_package/prefix_override:/home/adw/work/ros_basics/chapter_02/install/chap_02_package/lib/python3.10/site-packages:${PYTHONPATH} /usr/bin/python3 setup.py egg_info --egg-base ../build/chap_02_package build --build-base /home/adw/work/ros_basics/chapter_02/build/chap_02_package/build install --record /home/adw/work/ros_basics/chapter_02/build/chap_02_package/install.log --single-version-externally-managed
[1.773s] DEBUG:colcon.colcon_core.event_handler.log_command:Invoked command in '/home/adw/work/ros_basics/chapter_02/chap_02_package' returned '0': PYTHONPATH=/home/adw/work/ros_basics/chapter_02/build/chap_02_package/prefix_override:/home/adw/work/ros_basics/chapter_02/install/chap_02_package/lib/python3.10/site-packages:${PYTHONPATH} /usr/bin/python3 setup.py egg_info --egg-base ../build/chap_02_package build --build-base /home/adw/work/ros_basics/chapter_02/build/chap_02_package/build install --record /home/adw/work/ros_basics/chapter_02/build/chap_02_package/install.log --single-version-externally-managed
[1.777s] Level 1:colcon.colcon_core.environment:checking '/home/adw/work/ros_basics/chapter_02/install/chap_02_package' for CMake module files
[1.777s] Level 1:colcon.colcon_core.environment:checking '/home/adw/work/ros_basics/chapter_02/install/chap_02_package' for CMake config files
[1.778s] Level 1:colcon.colcon_core.environment:checking '/home/adw/work/ros_basics/chapter_02/install/chap_02_package/lib'
[1.778s] Level 1:colcon.colcon_core.environment:checking '/home/adw/work/ros_basics/chapter_02/install/chap_02_package/bin'
[1.778s] Level 1:colcon.colcon_core.environment:checking '/home/adw/work/ros_basics/chapter_02/install/chap_02_package/lib/pkgconfig/chap_02_package.pc'
[1.779s] Level 1:colcon.colcon_core.environment:checking '/home/adw/work/ros_basics/chapter_02/install/chap_02_package/lib/python3.10/site-packages'
[1.779s] Level 1:colcon.colcon_core.shell:create_environment_hook('chap_02_package', 'pythonpath')
[1.780s] INFO:colcon.colcon_core.shell:Creating environment hook '/home/adw/work/ros_basics/chapter_02/install/chap_02_package/share/chap_02_package/hook/pythonpath.ps1'
[1.781s] INFO:colcon.colcon_core.shell:Creating environment descriptor '/home/adw/work/ros_basics/chapter_02/install/chap_02_package/share/chap_02_package/hook/pythonpath.dsv'
[1.781s] INFO:colcon.colcon_core.shell:Creating environment hook '/home/adw/work/ros_basics/chapter_02/install/chap_02_package/share/chap_02_package/hook/pythonpath.sh'
[1.782s] Level 1:colcon.colcon_core.environment:checking '/home/adw/work/ros_basics/chapter_02/install/chap_02_package/bin'
[1.782s] Level 1:colcon.colcon_core.environment:create_environment_scripts_only(chap_02_package)
[1.783s] INFO:colcon.colcon_core.shell:Creating package script '/home/adw/work/ros_basics/chapter_02/install/chap_02_package/share/chap_02_package/package.ps1'
[1.784s] INFO:colcon.colcon_core.shell:Creating package descriptor '/home/adw/work/ros_basics/chapter_02/install/chap_02_package/share/chap_02_package/package.dsv'
[1.785s] INFO:colcon.colcon_core.shell:Creating package script '/home/adw/work/ros_basics/chapter_02/install/chap_02_package/share/chap_02_package/package.sh'
[1.786s] INFO:colcon.colcon_core.shell:Creating package script '/home/adw/work/ros_basics/chapter_02/install/chap_02_package/share/chap_02_package/package.bash'
[1.787s] INFO:colcon.colcon_core.shell:Creating package script '/home/adw/work/ros_basics/chapter_02/install/chap_02_package/share/chap_02_package/package.zsh'
[1.787s] Level 1:colcon.colcon_core.environment:create_file_with_runtime_dependencies(/home/adw/work/ros_basics/chapter_02/install/chap_02_package/share/colcon-core/packages/chap_02_package)
[1.788s] DEBUG:colcon.colcon_parallel_executor.executor.parallel:closing loop
[1.788s] DEBUG:colcon.colcon_parallel_executor.executor.parallel:loop closed
[1.788s] DEBUG:colcon.colcon_parallel_executor.executor.parallel:run_until_complete finished with '0'
[1.788s] DEBUG:colcon.colcon_core.event_reactor:joining thread
[1.794s] INFO:colcon.colcon_core.plugin_system:Skipping extension 'colcon_notification.desktop_notification.terminal_notifier': Not used on non-Darwin systems
[1.794s] INFO:colcon.colcon_core.plugin_system:Skipping extension 'colcon_notification.desktop_notification.win32': Not used on non-Windows systems
[1.794s] INFO:colcon.colcon_notification.desktop_notification:Sending desktop notification using 'notify2'
[1.807s] DEBUG:colcon.colcon_core.event_reactor:joined thread
[1.809s] INFO:colcon.colcon_core.shell:Creating prefix script '/home/adw/work/ros_basics/chapter_02/install/local_setup.ps1'
[1.811s] INFO:colcon.colcon_core.shell:Creating prefix util module '/home/adw/work/ros_basics/chapter_02/install/_local_setup_util_ps1.py'
[1.813s] INFO:colcon.colcon_core.shell:Creating prefix chain script '/home/adw/work/ros_basics/chapter_02/install/setup.ps1'
[1.815s] INFO:colcon.colcon_core.shell:Creating prefix script '/home/adw/work/ros_basics/chapter_02/install/local_setup.sh'
[1.815s] INFO:colcon.colcon_core.shell:Creating prefix util module '/home/adw/work/ros_basics/chapter_02/install/_local_setup_util_sh.py'
[1.817s] INFO:colcon.colcon_core.shell:Creating prefix chain script '/home/adw/work/ros_basics/chapter_02/install/setup.sh'
[1.818s] INFO:colcon.colcon_core.shell:Creating prefix script '/home/adw/work/ros_basics/chapter_02/install/local_setup.bash'
[1.819s] INFO:colcon.colcon_core.shell:Creating prefix chain script '/home/adw/work/ros_basics/chapter_02/install/setup.bash'
[1.820s] INFO:colcon.colcon_core.shell:Creating prefix script '/home/adw/work/ros_basics/chapter_02/install/local_setup.zsh'
[1.821s] INFO:colcon.colcon_core.shell:Creating prefix chain script '/home/adw/work/ros_basics/chapter_02/install/setup.zsh'
