running egg_info
creating ../build/chap_03_package/chap_03_package.egg-info
writing ../build/chap_03_package/chap_03_package.egg-info/PKG-INFO
writing dependency_links to ../build/chap_03_package/chap_03_package.egg-info/dependency_links.txt
writing entry points to ../build/chap_03_package/chap_03_package.egg-info/entry_points.txt
writing requirements to ../build/chap_03_package/chap_03_package.egg-info/requires.txt
writing top-level names to ../build/chap_03_package/chap_03_package.egg-info/top_level.txt
writing manifest file '../build/chap_03_package/chap_03_package.egg-info/SOURCES.txt'
reading manifest file '../build/chap_03_package/chap_03_package.egg-info/SOURCES.txt'
writing manifest file '../build/chap_03_package/chap_03_package.egg-info/SOURCES.txt'
running build
running build_py
creating /home/adw/work/ros_basics/chapter_03/build/chap_03_package/build
creating /home/adw/work/ros_basics/chapter_03/build/chap_03_package/build/lib
creating /home/adw/work/ros_basics/chapter_03/build/chap_03_package/build/lib/chap_03_package
copying chap_03_package/action_client.py -> /home/adw/work/ros_basics/chapter_03/build/chap_03_package/build/lib/chap_03_package
copying chap_03_package/__init__.py -> /home/adw/work/ros_basics/chapter_03/build/chap_03_package/build/lib/chap_03_package
copying chap_03_package/action_server.py -> /home/adw/work/ros_basics/chapter_03/build/chap_03_package/build/lib/chap_03_package
running install
running install_lib
creating /home/adw/work/ros_basics/chapter_03/install/chap_03_package/lib/python3.10/site-packages/chap_03_package
copying /home/adw/work/ros_basics/chapter_03/build/chap_03_package/build/lib/chap_03_package/action_client.py -> /home/adw/work/ros_basics/chapter_03/install/chap_03_package/lib/python3.10/site-packages/chap_03_package
copying /home/adw/work/ros_basics/chapter_03/build/chap_03_package/build/lib/chap_03_package/__init__.py -> /home/adw/work/ros_basics/chapter_03/install/chap_03_package/lib/python3.10/site-packages/chap_03_package
copying /home/adw/work/ros_basics/chapter_03/build/chap_03_package/build/lib/chap_03_package/action_server.py -> /home/adw/work/ros_basics/chapter_03/install/chap_03_package/lib/python3.10/site-packages/chap_03_package
byte-compiling /home/adw/work/ros_basics/chapter_03/install/chap_03_package/lib/python3.10/site-packages/chap_03_package/action_client.py to action_client.cpython-310.pyc
byte-compiling /home/adw/work/ros_basics/chapter_03/install/chap_03_package/lib/python3.10/site-packages/chap_03_package/__init__.py to __init__.cpython-310.pyc
byte-compiling /home/adw/work/ros_basics/chapter_03/install/chap_03_package/lib/python3.10/site-packages/chap_03_package/action_server.py to action_server.cpython-310.pyc
running install_data
creating /home/adw/work/ros_basics/chapter_03/install/chap_03_package/share/ament_index
creating /home/adw/work/ros_basics/chapter_03/install/chap_03_package/share/ament_index/resource_index
creating /home/adw/work/ros_basics/chapter_03/install/chap_03_package/share/ament_index/resource_index/packages
copying resource/chap_03_package -> /home/adw/work/ros_basics/chapter_03/install/chap_03_package/share/ament_index/resource_index/packages
copying package.xml -> /home/adw/work/ros_basics/chapter_03/install/chap_03_package/share/chap_03_package
running install_egg_info
Copying ../build/chap_03_package/chap_03_package.egg-info to /home/adw/work/ros_basics/chapter_03/install/chap_03_package/lib/python3.10/site-packages/chap_03_package-0.0.0-py3.10.egg-info
running install_scripts
writing list of installed files to '/home/adw/work/ros_basics/chapter_03/build/chap_03_package/install.log'
