[0.791s] Invoking command in '/home/adw/work/ros_basics/chapter_03/chap_03_package': PYTHONPATH=/home/adw/work/ros_basics/chapter_03/build/chap_03_package/prefix_override:/home/adw/work/ros_basics/chapter_03/install/chap_03_package/lib/python3.10/site-packages:${PYTHONPATH} /usr/bin/python3 setup.py egg_info --egg-base ../build/chap_03_package build --build-base /home/adw/work/ros_basics/chapter_03/build/chap_03_package/build install --record /home/adw/work/ros_basics/chapter_03/build/chap_03_package/install.log --single-version-externally-managed
[1.103s] running egg_info
[1.103s] creating ../build/chap_03_package/chap_03_package.egg-info
[1.103s] writing ../build/chap_03_package/chap_03_package.egg-info/PKG-INFO
[1.104s] writing dependency_links to ../build/chap_03_package/chap_03_package.egg-info/dependency_links.txt
[1.104s] writing entry points to ../build/chap_03_package/chap_03_package.egg-info/entry_points.txt
[1.104s] writing requirements to ../build/chap_03_package/chap_03_package.egg-info/requires.txt
[1.104s] writing top-level names to ../build/chap_03_package/chap_03_package.egg-info/top_level.txt
[1.105s] writing manifest file '../build/chap_03_package/chap_03_package.egg-info/SOURCES.txt'
[1.106s] reading manifest file '../build/chap_03_package/chap_03_package.egg-info/SOURCES.txt'
[1.107s] writing manifest file '../build/chap_03_package/chap_03_package.egg-info/SOURCES.txt'
[1.107s] running build
[1.107s] running build_py
[1.107s] creating /home/adw/work/ros_basics/chapter_03/build/chap_03_package/build
[1.107s] creating /home/adw/work/ros_basics/chapter_03/build/chap_03_package/build/lib
[1.108s] creating /home/adw/work/ros_basics/chapter_03/build/chap_03_package/build/lib/chap_03_package
[1.108s] copying chap_03_package/action_client.py -> /home/adw/work/ros_basics/chapter_03/build/chap_03_package/build/lib/chap_03_package
[1.108s] copying chap_03_package/__init__.py -> /home/adw/work/ros_basics/chapter_03/build/chap_03_package/build/lib/chap_03_package
[1.108s] copying chap_03_package/action_server.py -> /home/adw/work/ros_basics/chapter_03/build/chap_03_package/build/lib/chap_03_package
[1.108s] running install
[1.108s] running install_lib
[1.109s] creating /home/adw/work/ros_basics/chapter_03/install/chap_03_package/lib/python3.10/site-packages/chap_03_package
[1.109s] copying /home/adw/work/ros_basics/chapter_03/build/chap_03_package/build/lib/chap_03_package/action_client.py -> /home/adw/work/ros_basics/chapter_03/install/chap_03_package/lib/python3.10/site-packages/chap_03_package
[1.109s] copying /home/adw/work/ros_basics/chapter_03/build/chap_03_package/build/lib/chap_03_package/__init__.py -> /home/adw/work/ros_basics/chapter_03/install/chap_03_package/lib/python3.10/site-packages/chap_03_package
[1.109s] copying /home/adw/work/ros_basics/chapter_03/build/chap_03_package/build/lib/chap_03_package/action_server.py -> /home/adw/work/ros_basics/chapter_03/install/chap_03_package/lib/python3.10/site-packages/chap_03_package
[1.110s] byte-compiling /home/adw/work/ros_basics/chapter_03/install/chap_03_package/lib/python3.10/site-packages/chap_03_package/action_client.py to action_client.cpython-310.pyc
[1.110s] byte-compiling /home/adw/work/ros_basics/chapter_03/install/chap_03_package/lib/python3.10/site-packages/chap_03_package/__init__.py to __init__.cpython-310.pyc
[1.111s] byte-compiling /home/adw/work/ros_basics/chapter_03/install/chap_03_package/lib/python3.10/site-packages/chap_03_package/action_server.py to action_server.cpython-310.pyc
[1.111s] running install_data
[1.112s] creating /home/adw/work/ros_basics/chapter_03/install/chap_03_package/share/ament_index
[1.112s] creating /home/adw/work/ros_basics/chapter_03/install/chap_03_package/share/ament_index/resource_index
[1.112s] creating /home/adw/work/ros_basics/chapter_03/install/chap_03_package/share/ament_index/resource_index/packages
[1.112s] copying resource/chap_03_package -> /home/adw/work/ros_basics/chapter_03/install/chap_03_package/share/ament_index/resource_index/packages
[1.112s] copying package.xml -> /home/adw/work/ros_basics/chapter_03/install/chap_03_package/share/chap_03_package
[1.112s] running install_egg_info
[1.114s] Copying ../build/chap_03_package/chap_03_package.egg-info to /home/adw/work/ros_basics/chapter_03/install/chap_03_package/lib/python3.10/site-packages/chap_03_package-0.0.0-py3.10.egg-info
[1.115s] running install_scripts
[1.138s] writing list of installed files to '/home/adw/work/ros_basics/chapter_03/build/chap_03_package/install.log'
[1.166s] Invoked command in '/home/adw/work/ros_basics/chapter_03/chap_03_package' returned '0': PYTHONPATH=/home/adw/work/ros_basics/chapter_03/build/chap_03_package/prefix_override:/home/adw/work/ros_basics/chapter_03/install/chap_03_package/lib/python3.10/site-packages:${PYTHONPATH} /usr/bin/python3 setup.py egg_info --egg-base ../build/chap_03_package build --build-base /home/adw/work/ros_basics/chapter_03/build/chap_03_package/build install --record /home/adw/work/ros_basics/chapter_03/build/chap_03_package/install.log --single-version-externally-managed
