[0.777s] Invoking command in '/home/adw/work/ros_basics/chapter_01/chap_01_package': PYTHONPATH=/home/adw/work/ros_basics/chapter_01/chap_01_package/build/chap_01_package/prefix_override:/home/adw/work/ros_basics/chapter_01/chap_01_package/install/chap_01_package/lib/python3.10/site-packages:${PYTHONPATH} /usr/bin/python3 setup.py egg_info --egg-base build/chap_01_package build --build-base /home/adw/work/ros_basics/chapter_01/chap_01_package/build/chap_01_package/build install --record /home/adw/work/ros_basics/chapter_01/chap_01_package/build/chap_01_package/install.log --single-version-externally-managed
[1.090s] running egg_info
[1.091s] writing build/chap_01_package/chap_01_package.egg-info/PKG-INFO
[1.091s] writing dependency_links to build/chap_01_package/chap_01_package.egg-info/dependency_links.txt
[1.092s] writing entry points to build/chap_01_package/chap_01_package.egg-info/entry_points.txt
[1.092s] writing requirements to build/chap_01_package/chap_01_package.egg-info/requires.txt
[1.092s] writing top-level names to build/chap_01_package/chap_01_package.egg-info/top_level.txt
[1.094s] reading manifest file 'build/chap_01_package/chap_01_package.egg-info/SOURCES.txt'
[1.095s] writing manifest file 'build/chap_01_package/chap_01_package.egg-info/SOURCES.txt'
[1.095s] running build
[1.095s] running build_py
[1.095s] copying chap_01_package/pub1.py -> /home/adw/work/ros_basics/chapter_01/chap_01_package/build/chap_01_package/build/lib/chap_01_package
[1.095s] copying chap_01_package/sub1.py -> /home/adw/work/ros_basics/chapter_01/chap_01_package/build/chap_01_package/build/lib/chap_01_package
[1.095s] running install
[1.096s] running install_lib
[1.096s] copying /home/adw/work/ros_basics/chapter_01/chap_01_package/build/chap_01_package/build/lib/chap_01_package/pub1.py -> /home/adw/work/ros_basics/chapter_01/chap_01_package/install/chap_01_package/lib/python3.10/site-packages/chap_01_package
[1.096s] copying /home/adw/work/ros_basics/chapter_01/chap_01_package/build/chap_01_package/build/lib/chap_01_package/sub1.py -> /home/adw/work/ros_basics/chapter_01/chap_01_package/install/chap_01_package/lib/python3.10/site-packages/chap_01_package
[1.097s] byte-compiling /home/adw/work/ros_basics/chapter_01/chap_01_package/install/chap_01_package/lib/python3.10/site-packages/chap_01_package/pub1.py to pub1.cpython-310.pyc
[1.098s] byte-compiling /home/adw/work/ros_basics/chapter_01/chap_01_package/install/chap_01_package/lib/python3.10/site-packages/chap_01_package/sub1.py to sub1.cpython-310.pyc
[1.098s] running install_data
[1.099s] running install_egg_info
[1.100s] removing '/home/adw/work/ros_basics/chapter_01/chap_01_package/install/chap_01_package/lib/python3.10/site-packages/chap_01_package-0.0.0-py3.10.egg-info' (and everything under it)
[1.101s] Copying build/chap_01_package/chap_01_package.egg-info to /home/adw/work/ros_basics/chapter_01/chap_01_package/install/chap_01_package/lib/python3.10/site-packages/chap_01_package-0.0.0-py3.10.egg-info
[1.102s] running install_scripts
[1.126s] Installing publisher_1 script to /home/adw/work/ros_basics/chapter_01/chap_01_package/install/chap_01_package/lib/chap_01_package
[1.126s] Installing subsriber_1 script to /home/adw/work/ros_basics/chapter_01/chap_01_package/install/chap_01_package/lib/chap_01_package
[1.126s] writing list of installed files to '/home/adw/work/ros_basics/chapter_01/chap_01_package/build/chap_01_package/install.log'
[1.154s] Invoked command in '/home/adw/work/ros_basics/chapter_01/chap_01_package' returned '0': PYTHONPATH=/home/adw/work/ros_basics/chapter_01/chap_01_package/build/chap_01_package/prefix_override:/home/adw/work/ros_basics/chapter_01/chap_01_package/install/chap_01_package/lib/python3.10/site-packages:${PYTHONPATH} /usr/bin/python3 setup.py egg_info --egg-base build/chap_01_package build --build-base /home/adw/work/ros_basics/chapter_01/chap_01_package/build/chap_01_package/build install --record /home/adw/work/ros_basics/chapter_01/chap_01_package/build/chap_01_package/install.log --single-version-externally-managed
