[0.416s] DEBUG:colcon:Command line arguments: ['/usr/bin/colcon', 'build', '--packages-select', 'chap_01_package']
[0.416s] DEBUG:colcon:Parsed command line arguments: Namespace(log_base=None, log_level=None, verb_name='build', build_base='build', install_base='install', merge_install=False, symlink_install=False, test_result_base=None, continue_on_error=False, executor='parallel', parallel_workers=8, event_handlers=None, ignore_user_meta=False, metas=['./colcon.meta'], base_paths=['.'], packages_ignore=None, packages_ignore_regex=None, paths=None, packages_up_to=None, packages_up_to_regex=None, packages_above=None, packages_above_and_dependencies=None, packages_above_depth=None, packages_select_by_dep=None, packages_skip_by_dep=None, packages_skip_up_to=None, packages_select_build_failed=False, packages_skip_build_finished=False, packages_select_test_failures=False, packages_skip_test_passed=False, packages_select=['chap_01_package'], packages_skip=None, packages_select_regex=None, packages_skip_regex=None, packages_start=None, packages_end=None, allow_overriding=[], cmake_args=None, cmake_target=None, cmake_target_skip_unavailable=False, cmake_clean_cache=False, cmake_clean_first=False, cmake_force_configure=False, ament_cmake_args=None, catkin_cmake_args=None, catkin_skip_building_tests=False, verb_parser=<colcon_defaults.argument_parser.defaults.DefaultArgumentsDecorator object at 0x7f0c8c8e4970>, verb_extension=<colcon_core.verb.build.BuildVerb object at 0x7f0c8c8e43a0>, main=<bound method BuildVerb.main of <colcon_core.verb.build.BuildVerb object at 0x7f0c8c8e43a0>>)
[0.445s] Level 1:colcon.colcon_core.package_discovery:discover_packages(colcon_meta) check parameters
[0.445s] Level 1:colcon.colcon_core.package_discovery:discover_packages(recursive) check parameters
[0.445s] Level 1:colcon.colcon_core.package_discovery:discover_packages(ignore) check parameters
[0.445s] Level 1:colcon.colcon_core.package_discovery:discover_packages(path) check parameters
[0.445s] Level 1:colcon.colcon_core.package_discovery:discover_packages(colcon_meta) discover
[0.445s] Level 1:colcon.colcon_core.package_discovery:discover_packages(recursive) discover
[0.445s] INFO:colcon.colcon_core.package_discovery:Crawling recursively for packages in '/home/adw/work/ros_basics/chapter_01/chap_01_package'
[0.445s] Level 1:colcon.colcon_core.package_identification:_identify(.) by extensions ['ignore', 'ignore_ament_install']
[0.445s] Level 1:colcon.colcon_core.package_identification:_identify(.) by extension 'ignore'
[0.445s] Level 1:colcon.colcon_core.package_identification:_identify(.) by extension 'ignore_ament_install'
[0.445s] Level 1:colcon.colcon_core.package_identification:_identify(.) by extensions ['colcon_pkg']
[0.445s] Level 1:colcon.colcon_core.package_identification:_identify(.) by extension 'colcon_pkg'
[0.446s] Level 1:colcon.colcon_core.package_identification:_identify(.) by extensions ['colcon_meta']
[0.446s] Level 1:colcon.colcon_core.package_identification:_identify(.) by extension 'colcon_meta'
[0.446s] Level 1:colcon.colcon_core.package_identification:_identify(.) by extensions ['ros']
[0.446s] Level 1:colcon.colcon_core.package_identification:_identify(.) by extension 'ros'
[0.462s] DEBUG:colcon.colcon_core.package_identification:Package '.' with type 'ros.ament_python' and name 'chap_01_package'
[0.462s] Level 1:colcon.colcon_core.package_discovery:discover_packages(recursive) using defaults
[0.462s] Level 1:colcon.colcon_core.package_discovery:discover_packages(ignore) discover
[0.462s] Level 1:colcon.colcon_core.package_discovery:discover_packages(ignore) using defaults
[0.462s] Level 1:colcon.colcon_core.package_discovery:discover_packages(path) discover
[0.462s] Level 1:colcon.colcon_core.package_discovery:discover_packages(path) using defaults
[0.489s] Level 1:colcon.colcon_core.package_discovery:discover_packages(prefix_path) check parameters
[0.489s] Level 1:colcon.colcon_core.package_discovery:discover_packages(prefix_path) discover
[0.493s] DEBUG:colcon.colcon_installed_package_information.package_discovery:Found 1 installed packages in /home/adw/work/ros_basics/chapter_01/chap_01_package/install
[0.494s] DEBUG:colcon.colcon_installed_package_information.package_discovery:Found 1 installed packages in /home/adw/ros_ws/install
[0.496s] DEBUG:colcon.colcon_installed_package_information.package_discovery:Found 270 installed packages in /opt/ros/humble
[0.498s] Level 1:colcon.colcon_core.package_discovery:discover_packages(prefix_path) using defaults
[0.571s] Level 5:colcon.colcon_core.verb:set package 'chap_01_package' build argument 'cmake_args' from command line to 'None'
[0.571s] Level 5:colcon.colcon_core.verb:set package 'chap_01_package' build argument 'cmake_target' from command line to 'None'
[0.571s] Level 5:colcon.colcon_core.verb:set package 'chap_01_package' build argument 'cmake_target_skip_unavailable' from command line to 'False'
[0.571s] Level 5:colcon.colcon_core.verb:set package 'chap_01_package' build argument 'cmake_clean_cache' from command line to 'False'
[0.571s] Level 5:colcon.colcon_core.verb:set package 'chap_01_package' build argument 'cmake_clean_first' from command line to 'False'
[0.571s] Level 5:colcon.colcon_core.verb:set package 'chap_01_package' build argument 'cmake_force_configure' from command line to 'False'
[0.571s] Level 5:colcon.colcon_core.verb:set package 'chap_01_package' build argument 'ament_cmake_args' from command line to 'None'
[0.571s] Level 5:colcon.colcon_core.verb:set package 'chap_01_package' build argument 'catkin_cmake_args' from command line to 'None'
[0.571s] Level 5:colcon.colcon_core.verb:set package 'chap_01_package' build argument 'catkin_skip_building_tests' from command line to 'False'
[0.571s] DEBUG:colcon.colcon_core.verb:Building package 'chap_01_package' with the following arguments: {'ament_cmake_args': None, 'build_base': '/home/adw/work/ros_basics/chapter_01/chap_01_package/build/chap_01_package', 'catkin_cmake_args': None, 'catkin_skip_building_tests': False, 'cmake_args': None, 'cmake_clean_cache': False, 'cmake_clean_first': False, 'cmake_force_configure': False, 'cmake_target': None, 'cmake_target_skip_unavailable': False, 'install_base': '/home/adw/work/ros_basics/chapter_01/chap_01_package/install/chap_01_package', 'merge_install': False, 'path': '/home/adw/work/ros_basics/chapter_01/chap_01_package', 'symlink_install': False, 'test_result_base': None}
[0.572s] INFO:colcon.colcon_core.executor:Executing jobs using 'parallel' executor
[0.576s] DEBUG:colcon.colcon_parallel_executor.executor.parallel:run_until_complete
[0.576s] INFO:colcon.colcon_ros.task.ament_python.build:Building ROS package in '/home/adw/work/ros_basics/chapter_01/chap_01_package' with build type 'ament_python'
[0.576s] Level 1:colcon.colcon_core.shell:create_environment_hook('chap_01_package', 'ament_prefix_path')
[0.581s] INFO:colcon.colcon_core.plugin_system:Skipping extension 'colcon_core.shell.bat': Not used on non-Windows systems
[0.581s] INFO:colcon.colcon_core.shell:Creating environment hook '/home/adw/work/ros_basics/chapter_01/chap_01_package/install/chap_01_package/share/chap_01_package/hook/ament_prefix_path.ps1'
[0.582s] INFO:colcon.colcon_core.shell:Creating environment descriptor '/home/adw/work/ros_basics/chapter_01/chap_01_package/install/chap_01_package/share/chap_01_package/hook/ament_prefix_path.dsv'
[0.582s] INFO:colcon.colcon_core.shell:Creating environment hook '/home/adw/work/ros_basics/chapter_01/chap_01_package/install/chap_01_package/share/chap_01_package/hook/ament_prefix_path.sh'
[0.584s] INFO:colcon.colcon_core.shell:Skip shell extension 'powershell' for command environment: Not usable outside of PowerShell
[0.584s] DEBUG:colcon.colcon_core.shell:Skip shell extension 'dsv' for command environment
[0.924s] INFO:colcon.colcon_core.task.python.build:Building Python package in '/home/adw/work/ros_basics/chapter_01/chap_01_package'
[0.926s] INFO:colcon.colcon_core.shell:Skip shell extension 'powershell' for command environment: Not usable outside of PowerShell
[0.926s] DEBUG:colcon.colcon_core.shell:Skip shell extension 'dsv' for command environment
[1.380s] DEBUG:colcon.colcon_core.event_handler.log_command:Invoking command in '/home/adw/work/ros_basics/chapter_01/chap_01_package': PYTHONPATH=/home/adw/work/ros_basics/chapter_01/chap_01_package/build/chap_01_package/prefix_override:/home/adw/work/ros_basics/chapter_01/chap_01_package/install/chap_01_package/lib/python3.10/site-packages:${PYTHONPATH} /usr/bin/python3 setup.py egg_info --egg-base build/chap_01_package build --build-base /home/adw/work/ros_basics/chapter_01/chap_01_package/build/chap_01_package/build install --record /home/adw/work/ros_basics/chapter_01/chap_01_package/build/chap_01_package/install.log --single-version-externally-managed
[1.757s] DEBUG:colcon.colcon_core.event_handler.log_command:Invoked command in '/home/adw/work/ros_basics/chapter_01/chap_01_package' returned '0': PYTHONPATH=/home/adw/work/ros_basics/chapter_01/chap_01_package/build/chap_01_package/prefix_override:/home/adw/work/ros_basics/chapter_01/chap_01_package/install/chap_01_package/lib/python3.10/site-packages:${PYTHONPATH} /usr/bin/python3 setup.py egg_info --egg-base build/chap_01_package build --build-base /home/adw/work/ros_basics/chapter_01/chap_01_package/build/chap_01_package/build install --record /home/adw/work/ros_basics/chapter_01/chap_01_package/build/chap_01_package/install.log --single-version-externally-managed
[1.763s] Level 1:colcon.colcon_core.environment:checking '/home/adw/work/ros_basics/chapter_01/chap_01_package/install/chap_01_package' for CMake module files
[1.764s] Level 1:colcon.colcon_core.environment:checking '/home/adw/work/ros_basics/chapter_01/chap_01_package/install/chap_01_package' for CMake config files
[1.765s] Level 1:colcon.colcon_core.environment:checking '/home/adw/work/ros_basics/chapter_01/chap_01_package/install/chap_01_package/lib'
[1.765s] Level 1:colcon.colcon_core.environment:checking '/home/adw/work/ros_basics/chapter_01/chap_01_package/install/chap_01_package/bin'
[1.765s] Level 1:colcon.colcon_core.environment:checking '/home/adw/work/ros_basics/chapter_01/chap_01_package/install/chap_01_package/lib/pkgconfig/chap_01_package.pc'
[1.766s] Level 1:colcon.colcon_core.environment:checking '/home/adw/work/ros_basics/chapter_01/chap_01_package/install/chap_01_package/lib/python3.10/site-packages'
[1.766s] Level 1:colcon.colcon_core.shell:create_environment_hook('chap_01_package', 'pythonpath')
[1.767s] INFO:colcon.colcon_core.shell:Creating environment hook '/home/adw/work/ros_basics/chapter_01/chap_01_package/install/chap_01_package/share/chap_01_package/hook/pythonpath.ps1'
[1.768s] INFO:colcon.colcon_core.shell:Creating environment descriptor '/home/adw/work/ros_basics/chapter_01/chap_01_package/install/chap_01_package/share/chap_01_package/hook/pythonpath.dsv'
[1.768s] INFO:colcon.colcon_core.shell:Creating environment hook '/home/adw/work/ros_basics/chapter_01/chap_01_package/install/chap_01_package/share/chap_01_package/hook/pythonpath.sh'
[1.769s] Level 1:colcon.colcon_core.environment:checking '/home/adw/work/ros_basics/chapter_01/chap_01_package/install/chap_01_package/bin'
[1.769s] Level 1:colcon.colcon_core.environment:create_environment_scripts_only(chap_01_package)
[1.770s] INFO:colcon.colcon_core.shell:Creating package script '/home/adw/work/ros_basics/chapter_01/chap_01_package/install/chap_01_package/share/chap_01_package/package.ps1'
[1.771s] INFO:colcon.colcon_core.shell:Creating package descriptor '/home/adw/work/ros_basics/chapter_01/chap_01_package/install/chap_01_package/share/chap_01_package/package.dsv'
[1.772s] INFO:colcon.colcon_core.shell:Creating package script '/home/adw/work/ros_basics/chapter_01/chap_01_package/install/chap_01_package/share/chap_01_package/package.sh'
[1.773s] INFO:colcon.colcon_core.shell:Creating package script '/home/adw/work/ros_basics/chapter_01/chap_01_package/install/chap_01_package/share/chap_01_package/package.bash'
[1.774s] INFO:colcon.colcon_core.shell:Creating package script '/home/adw/work/ros_basics/chapter_01/chap_01_package/install/chap_01_package/share/chap_01_package/package.zsh'
[1.775s] Level 1:colcon.colcon_core.environment:create_file_with_runtime_dependencies(/home/adw/work/ros_basics/chapter_01/chap_01_package/install/chap_01_package/share/colcon-core/packages/chap_01_package)
[1.775s] DEBUG:colcon.colcon_parallel_executor.executor.parallel:closing loop
[1.775s] DEBUG:colcon.colcon_parallel_executor.executor.parallel:loop closed
[1.775s] DEBUG:colcon.colcon_parallel_executor.executor.parallel:run_until_complete finished with '0'
[1.776s] DEBUG:colcon.colcon_core.event_reactor:joining thread
[1.782s] INFO:colcon.colcon_core.plugin_system:Skipping extension 'colcon_notification.desktop_notification.terminal_notifier': Not used on non-Darwin systems
[1.782s] INFO:colcon.colcon_core.plugin_system:Skipping extension 'colcon_notification.desktop_notification.win32': Not used on non-Windows systems
[1.782s] INFO:colcon.colcon_notification.desktop_notification:Sending desktop notification using 'notify2'
[1.796s] DEBUG:colcon.colcon_core.event_reactor:joined thread
[1.799s] INFO:colcon.colcon_core.shell:Creating prefix script '/home/adw/work/ros_basics/chapter_01/chap_01_package/install/local_setup.ps1'
[1.800s] INFO:colcon.colcon_core.shell:Creating prefix util module '/home/adw/work/ros_basics/chapter_01/chap_01_package/install/_local_setup_util_ps1.py'
[1.802s] INFO:colcon.colcon_core.shell:Creating prefix chain script '/home/adw/work/ros_basics/chapter_01/chap_01_package/install/setup.ps1'
[1.804s] INFO:colcon.colcon_core.shell:Creating prefix script '/home/adw/work/ros_basics/chapter_01/chap_01_package/install/local_setup.sh'
[1.804s] INFO:colcon.colcon_core.shell:Creating prefix util module '/home/adw/work/ros_basics/chapter_01/chap_01_package/install/_local_setup_util_sh.py'
[1.805s] INFO:colcon.colcon_core.shell:Creating prefix chain script '/home/adw/work/ros_basics/chapter_01/chap_01_package/install/setup.sh'
[1.807s] INFO:colcon.colcon_core.shell:Creating prefix script '/home/adw/work/ros_basics/chapter_01/chap_01_package/install/local_setup.bash'
[1.807s] INFO:colcon.colcon_core.shell:Creating prefix chain script '/home/adw/work/ros_basics/chapter_01/chap_01_package/install/setup.bash'
[1.809s] INFO:colcon.colcon_core.shell:Creating prefix script '/home/adw/work/ros_basics/chapter_01/chap_01_package/install/local_setup.zsh'
[1.810s] INFO:colcon.colcon_core.shell:Creating prefix chain script '/home/adw/work/ros_basics/chapter_01/chap_01_package/install/setup.zsh'
