running egg_info
writing build/chap_01_package/chap_01_package.egg-info/PKG-INFO
writing dependency_links to build/chap_01_package/chap_01_package.egg-info/dependency_links.txt
writing entry points to build/chap_01_package/chap_01_package.egg-info/entry_points.txt
writing requirements to build/chap_01_package/chap_01_package.egg-info/requires.txt
writing top-level names to build/chap_01_package/chap_01_package.egg-info/top_level.txt
reading manifest file 'build/chap_01_package/chap_01_package.egg-info/SOURCES.txt'
writing manifest file 'build/chap_01_package/chap_01_package.egg-info/SOURCES.txt'
running build
running build_py
running install
running install_lib
running install_data
running install_egg_info
removing '/home/adw/work/ros_basics/chapter_01/chap_01_package/install/chap_01_package/lib/python3.10/site-packages/chap_01_package-0.0.0-py3.10.egg-info' (and everything under it)
Copying build/chap_01_package/chap_01_package.egg-info to /home/adw/work/ros_basics/chapter_01/chap_01_package/install/chap_01_package/lib/python3.10/site-packages/chap_01_package-0.0.0-py3.10.egg-info
running install_scripts
Installing publisher_1 script to /home/adw/work/ros_basics/chapter_01/chap_01_package/install/chap_01_package/lib/chap_01_package
Installing subsriber_1 script to /home/adw/work/ros_basics/chapter_01/chap_01_package/install/chap_01_package/lib/chap_01_package
writing list of installed files to '/home/adw/work/ros_basics/chapter_01/chap_01_package/build/chap_01_package/install.log'
