running egg_info
writing ../build/chap_03_package/chap_03_package.egg-info/PKG-INFO
writing dependency_links to ../build/chap_03_package/chap_03_package.egg-info/dependency_links.txt
writing entry points to ../build/chap_03_package/chap_03_package.egg-info/entry_points.txt
writing requirements to ../build/chap_03_package/chap_03_package.egg-info/requires.txt
writing top-level names to ../build/chap_03_package/chap_03_package.egg-info/top_level.txt
reading manifest file '../build/chap_03_package/chap_03_package.egg-info/SOURCES.txt'
writing manifest file '../build/chap_03_package/chap_03_package.egg-info/SOURCES.txt'
running build
running build_py
running install
running install_lib
running install_data
running install_egg_info
removing '/home/adw/work/ros_basics/chapter_03/install/chap_03_package/lib/python3.10/site-packages/chap_03_package-0.0.0-py3.10.egg-info' (and everything under it)
Copying ../build/chap_03_package/chap_03_package.egg-info to /home/adw/work/ros_basics/chapter_03/install/chap_03_package/lib/python3.10/site-packages/chap_03_package-0.0.0-py3.10.egg-info
running install_scripts
Installing action_client script to /home/adw/work/ros_basics/chapter_03/install/chap_03_package/lib/chap_03_package
Installing action_server script to /home/adw/work/ros_basics/chapter_03/install/chap_03_package/lib/chap_03_package
writing list of installed files to '/home/adw/work/ros_basics/chapter_03/build/chap_03_package/install.log'
