[0.776s] Invoking command in '/home/adw/work/ros_basics/chapter_03/chap_03_package': PYTHONPATH=/home/adw/work/ros_basics/chapter_03/build/chap_03_package/prefix_override:/home/adw/work/ros_basics/chapter_03/install/chap_03_package/lib/python3.10/site-packages:${PYTHONPATH} /usr/bin/python3 setup.py egg_info --egg-base ../build/chap_03_package build --build-base /home/adw/work/ros_basics/chapter_03/build/chap_03_package/build install --record /home/adw/work/ros_basics/chapter_03/build/chap_03_package/install.log --single-version-externally-managed
[1.102s] running egg_info
[1.102s] writing ../build/chap_03_package/chap_03_package.egg-info/PKG-INFO
[1.103s] writing dependency_links to ../build/chap_03_package/chap_03_package.egg-info/dependency_links.txt
[1.103s] writing entry points to ../build/chap_03_package/chap_03_package.egg-info/entry_points.txt
[1.103s] writing requirements to ../build/chap_03_package/chap_03_package.egg-info/requires.txt
[1.103s] writing top-level names to ../build/chap_03_package/chap_03_package.egg-info/top_level.txt
[1.105s] reading manifest file '../build/chap_03_package/chap_03_package.egg-info/SOURCES.txt'
[1.106s] writing manifest file '../build/chap_03_package/chap_03_package.egg-info/SOURCES.txt'
[1.106s] running build
[1.106s] running build_py
[1.107s] running install
[1.107s] running install_lib
[1.109s] running install_data
[1.109s] running install_egg_info
[1.112s] removing '/home/adw/work/ros_basics/chapter_03/install/chap_03_package/lib/python3.10/site-packages/chap_03_package-0.0.0-py3.10.egg-info' (and everything under it)
[1.112s] Copying ../build/chap_03_package/chap_03_package.egg-info to /home/adw/work/ros_basics/chapter_03/install/chap_03_package/lib/python3.10/site-packages/chap_03_package-0.0.0-py3.10.egg-info
[1.113s] running install_scripts
[1.137s] Installing action_client script to /home/adw/work/ros_basics/chapter_03/install/chap_03_package/lib/chap_03_package
[1.137s] Installing action_server script to /home/adw/work/ros_basics/chapter_03/install/chap_03_package/lib/chap_03_package
[1.137s] writing list of installed files to '/home/adw/work/ros_basics/chapter_03/build/chap_03_package/install.log'
[1.165s] Invoked command in '/home/adw/work/ros_basics/chapter_03/chap_03_package' returned '0': PYTHONPATH=/home/adw/work/ros_basics/chapter_03/build/chap_03_package/prefix_override:/home/adw/work/ros_basics/chapter_03/install/chap_03_package/lib/python3.10/site-packages:${PYTHONPATH} /usr/bin/python3 setup.py egg_info --egg-base ../build/chap_03_package build --build-base /home/adw/work/ros_basics/chapter_03/build/chap_03_package/build install --record /home/adw/work/ros_basics/chapter_03/build/chap_03_package/install.log --single-version-externally-managed
