[0.789s] Invoking command in '/home/adw/work/ros_basics/chapter_02/chap_02_package': PYTHONPATH=/home/adw/work/ros_basics/chapter_02/build/chap_02_package/prefix_override:/home/adw/work/ros_basics/chapter_02/install/chap_02_package/lib/python3.10/site-packages:${PYTHONPATH} /usr/bin/python3 setup.py egg_info --egg-base ../build/chap_02_package build --build-base /home/adw/work/ros_basics/chapter_02/build/chap_02_package/build install --record /home/adw/work/ros_basics/chapter_02/build/chap_02_package/install.log --single-version-externally-managed
[1.103s] running egg_info
[1.104s] creating ../build/chap_02_package/chap_02_package.egg-info
[1.104s] writing ../build/chap_02_package/chap_02_package.egg-info/PKG-INFO
[1.104s] writing dependency_links to ../build/chap_02_package/chap_02_package.egg-info/dependency_links.txt
[1.105s] writing entry points to ../build/chap_02_package/chap_02_package.egg-info/entry_points.txt
[1.105s] writing requirements to ../build/chap_02_package/chap_02_package.egg-info/requires.txt
[1.105s] writing top-level names to ../build/chap_02_package/chap_02_package.egg-info/top_level.txt
[1.105s] writing manifest file '../build/chap_02_package/chap_02_package.egg-info/SOURCES.txt'
[1.107s] reading manifest file '../build/chap_02_package/chap_02_package.egg-info/SOURCES.txt'
[1.108s] writing manifest file '../build/chap_02_package/chap_02_package.egg-info/SOURCES.txt'
[1.108s] running build
[1.108s] running build_py
[1.109s] creating /home/adw/work/ros_basics/chapter_02/build/chap_02_package/build
[1.109s] creating /home/adw/work/ros_basics/chapter_02/build/chap_02_package/build/lib
[1.109s] creating /home/adw/work/ros_basics/chapter_02/build/chap_02_package/build/lib/chap_02_package
[1.109s] copying chap_02_package/service.py -> /home/adw/work/ros_basics/chapter_02/build/chap_02_package/build/lib/chap_02_package
[1.109s] copying chap_02_package/__init__.py -> /home/adw/work/ros_basics/chapter_02/build/chap_02_package/build/lib/chap_02_package
[1.109s] copying chap_02_package/client.py -> /home/adw/work/ros_basics/chapter_02/build/chap_02_package/build/lib/chap_02_package
[1.110s] running install
[1.110s] running install_lib
[1.111s] creating /home/adw/work/ros_basics/chapter_02/install/chap_02_package/lib/python3.10/site-packages/chap_02_package
[1.111s] copying /home/adw/work/ros_basics/chapter_02/build/chap_02_package/build/lib/chap_02_package/service.py -> /home/adw/work/ros_basics/chapter_02/install/chap_02_package/lib/python3.10/site-packages/chap_02_package
[1.111s] copying /home/adw/work/ros_basics/chapter_02/build/chap_02_package/build/lib/chap_02_package/__init__.py -> /home/adw/work/ros_basics/chapter_02/install/chap_02_package/lib/python3.10/site-packages/chap_02_package
[1.111s] copying /home/adw/work/ros_basics/chapter_02/build/chap_02_package/build/lib/chap_02_package/client.py -> /home/adw/work/ros_basics/chapter_02/install/chap_02_package/lib/python3.10/site-packages/chap_02_package
[1.112s] byte-compiling /home/adw/work/ros_basics/chapter_02/install/chap_02_package/lib/python3.10/site-packages/chap_02_package/service.py to service.cpython-310.pyc
[1.113s] byte-compiling /home/adw/work/ros_basics/chapter_02/install/chap_02_package/lib/python3.10/site-packages/chap_02_package/__init__.py to __init__.cpython-310.pyc
[1.113s] byte-compiling /home/adw/work/ros_basics/chapter_02/install/chap_02_package/lib/python3.10/site-packages/chap_02_package/client.py to client.cpython-310.pyc
[1.113s] running install_data
[1.114s] creating /home/adw/work/ros_basics/chapter_02/install/chap_02_package/share/ament_index
[1.114s] creating /home/adw/work/ros_basics/chapter_02/install/chap_02_package/share/ament_index/resource_index
[1.114s] creating /home/adw/work/ros_basics/chapter_02/install/chap_02_package/share/ament_index/resource_index/packages
[1.114s] copying resource/chap_02_package -> /home/adw/work/ros_basics/chapter_02/install/chap_02_package/share/ament_index/resource_index/packages
[1.114s] copying package.xml -> /home/adw/work/ros_basics/chapter_02/install/chap_02_package/share/chap_02_package
[1.114s] running install_egg_info
[1.117s] Copying ../build/chap_02_package/chap_02_package.egg-info to /home/adw/work/ros_basics/chapter_02/install/chap_02_package/lib/python3.10/site-packages/chap_02_package-0.0.0-py3.10.egg-info
[1.118s] running install_scripts
[1.141s] Installing client_02 script to /home/adw/work/ros_basics/chapter_02/install/chap_02_package/lib/chap_02_package
[1.141s] Installing service_02 script to /home/adw/work/ros_basics/chapter_02/install/chap_02_package/lib/chap_02_package
[1.142s] writing list of installed files to '/home/adw/work/ros_basics/chapter_02/build/chap_02_package/install.log'
[1.171s] Invoked command in '/home/adw/work/ros_basics/chapter_02/chap_02_package' returned '0': PYTHONPATH=/home/adw/work/ros_basics/chapter_02/build/chap_02_package/prefix_override:/home/adw/work/ros_basics/chapter_02/install/chap_02_package/lib/python3.10/site-packages:${PYTHONPATH} /usr/bin/python3 setup.py egg_info --egg-base ../build/chap_02_package build --build-base /home/adw/work/ros_basics/chapter_02/build/chap_02_package/build install --record /home/adw/work/ros_basics/chapter_02/build/chap_02_package/install.log --single-version-externally-managed
