running egg_info
writing ../build/chap_02_package/chap_02_package.egg-info/PKG-INFO
writing dependency_links to ../build/chap_02_package/chap_02_package.egg-info/dependency_links.txt
writing entry points to ../build/chap_02_package/chap_02_package.egg-info/entry_points.txt
writing requirements to ../build/chap_02_package/chap_02_package.egg-info/requires.txt
writing top-level names to ../build/chap_02_package/chap_02_package.egg-info/top_level.txt
reading manifest file '../build/chap_02_package/chap_02_package.egg-info/SOURCES.txt'
writing manifest file '../build/chap_02_package/chap_02_package.egg-info/SOURCES.txt'
running build
running build_py
copying chap_02_package/client.py -> /home/adw/work/ros_basics/chapter_02/build/chap_02_package/build/lib/chap_02_package
running install
running install_lib
copying /home/adw/work/ros_basics/chapter_02/build/chap_02_package/build/lib/chap_02_package/client.py -> /home/adw/work/ros_basics/chapter_02/install/chap_02_package/lib/python3.10/site-packages/chap_02_package
byte-compiling /home/adw/work/ros_basics/chapter_02/install/chap_02_package/lib/python3.10/site-packages/chap_02_package/client.py to client.cpython-310.pyc
running install_data
running install_egg_info
removing '/home/adw/work/ros_basics/chapter_02/install/chap_02_package/lib/python3.10/site-packages/chap_02_package-0.0.0-py3.10.egg-info' (and everything under it)
Copying ../build/chap_02_package/chap_02_package.egg-info to /home/adw/work/ros_basics/chapter_02/install/chap_02_package/lib/python3.10/site-packages/chap_02_package-0.0.0-py3.10.egg-info
running install_scripts
Installing client_02 script to /home/adw/work/ros_basics/chapter_02/install/chap_02_package/lib/chap_02_package
Installing service_02 script to /home/adw/work/ros_basics/chapter_02/install/chap_02_package/lib/chap_02_package
writing list of installed files to '/home/adw/work/ros_basics/chapter_02/build/chap_02_package/install.log'
