[0.799s] Invoking command in '/home/adw/work/ros_basics/chapter_02/chap_02_package': PYTHONPATH=/home/adw/work/ros_basics/chapter_02/build/chap_02_package/prefix_override:/home/adw/work/ros_basics/chapter_02/install/chap_02_package/lib/python3.10/site-packages:${PYTHONPATH} /usr/bin/python3 setup.py egg_info --egg-base ../build/chap_02_package build --build-base /home/adw/work/ros_basics/chapter_02/build/chap_02_package/build install --record /home/adw/work/ros_basics/chapter_02/build/chap_02_package/install.log --single-version-externally-managed
[1.112s] running egg_info
[1.113s] writing ../build/chap_02_package/chap_02_package.egg-info/PKG-INFO
[1.113s] writing dependency_links to ../build/chap_02_package/chap_02_package.egg-info/dependency_links.txt
[1.113s] writing entry points to ../build/chap_02_package/chap_02_package.egg-info/entry_points.txt
[1.114s] writing requirements to ../build/chap_02_package/chap_02_package.egg-info/requires.txt
[1.114s] writing top-level names to ../build/chap_02_package/chap_02_package.egg-info/top_level.txt
[1.116s] reading manifest file '../build/chap_02_package/chap_02_package.egg-info/SOURCES.txt'
[1.117s] writing manifest file '../build/chap_02_package/chap_02_package.egg-info/SOURCES.txt'
[1.117s] running build
[1.117s] running build_py
[1.117s] copying chap_02_package/client.py -> /home/adw/work/ros_basics/chapter_02/build/chap_02_package/build/lib/chap_02_package
[1.117s] running install
[1.118s] running install_lib
[1.119s] copying /home/adw/work/ros_basics/chapter_02/build/chap_02_package/build/lib/chap_02_package/client.py -> /home/adw/work/ros_basics/chapter_02/install/chap_02_package/lib/python3.10/site-packages/chap_02_package
[1.119s] byte-compiling /home/adw/work/ros_basics/chapter_02/install/chap_02_package/lib/python3.10/site-packages/chap_02_package/client.py to client.cpython-310.pyc
[1.120s] running install_data
[1.120s] running install_egg_info
[1.122s] removing '/home/adw/work/ros_basics/chapter_02/install/chap_02_package/lib/python3.10/site-packages/chap_02_package-0.0.0-py3.10.egg-info' (and everything under it)
[1.122s] Copying ../build/chap_02_package/chap_02_package.egg-info to /home/adw/work/ros_basics/chapter_02/install/chap_02_package/lib/python3.10/site-packages/chap_02_package-0.0.0-py3.10.egg-info
[1.124s] running install_scripts
[1.148s] Installing client_02 script to /home/adw/work/ros_basics/chapter_02/install/chap_02_package/lib/chap_02_package
[1.148s] Installing service_02 script to /home/adw/work/ros_basics/chapter_02/install/chap_02_package/lib/chap_02_package
[1.148s] writing list of installed files to '/home/adw/work/ros_basics/chapter_02/build/chap_02_package/install.log'
[1.178s] Invoked command in '/home/adw/work/ros_basics/chapter_02/chap_02_package' returned '0': PYTHONPATH=/home/adw/work/ros_basics/chapter_02/build/chap_02_package/prefix_override:/home/adw/work/ros_basics/chapter_02/install/chap_02_package/lib/python3.10/site-packages:${PYTHONPATH} /usr/bin/python3 setup.py egg_info --egg-base ../build/chap_02_package build --build-base /home/adw/work/ros_basics/chapter_02/build/chap_02_package/build install --record /home/adw/work/ros_basics/chapter_02/build/chap_02_package/install.log --single-version-externally-managed
